[debug] [2021-12-06T12:06:23.721Z] ----------------------------------------------------------------------
[debug] [2021-12-06T12:06:23.723Z] Command:       C:\Program Files\nodejs\node.exe C:\Users\stefa\AppData\Roaming\npm\node_modules\firebase-tools\lib\bin\firebase.js emulators:start --only functions
[debug] [2021-12-06T12:06:23.723Z] CLI Version:   9.23.0
[debug] [2021-12-06T12:06:23.723Z] Platform:      win32
[debug] [2021-12-06T12:06:23.723Z] Node Version:  v16.13.0
[debug] [2021-12-06T12:06:23.724Z] Time:          Mon Dec 06 2021 13:06:23 GMT+0100 (Mitteleuropäische Normalzeit)
[debug] [2021-12-06T12:06:23.724Z] ----------------------------------------------------------------------
[debug] 
[debug] [2021-12-06T12:06:23.776Z] > command requires scopes: ["email","openid","https://www.googleapis.com/auth/cloudplatformprojects.readonly","https://www.googleapis.com/auth/firebase","https://www.googleapis.com/auth/cloud-platform"]
[debug] [2021-12-06T12:06:23.776Z] > authorizing via signed-in user (hinterhoelzlstefan@gmail.com)
[info] i  emulators: Starting emulators: functions {"metadata":{"emulator":{"name":"hub"},"message":"Starting emulators: functions"}}
[debug] [2021-12-06T12:06:23.789Z] [hub] writing locator at C:\Users\stefa\AppData\Local\Temp\hub-mintistcool-be74c.json
[warn] !  functions: The following emulators are not running, calls to these services from the Functions emulator will affect production: auth, firestore, database, hosting, pubsub, storage {"metadata":{"emulator":{"name":"functions"},"message":"The following emulators are not running, calls to these services from the Functions emulator will affect production: \u001b[1mauth, firestore, database, hosting, pubsub, storage\u001b[22m"}}
[warn] !  Your requested "node" version "14" doesn't match your global version "16" {"metadata":{"emulator":{"name":"functions"},"message":"Your requested \"node\" version \"14\" doesn't match your global version \"16\""}}
[debug] [2021-12-06T12:06:23.802Z] defaultcredentials: writing to file C:\Users\stefa\AppData\Roaming\firebase\hinterhoelzlstefan_gmail_com_application_default_credentials.json
[debug] [2021-12-06T12:06:23.803Z] Setting GAC to C:\Users\stefa\AppData\Roaming\firebase\hinterhoelzlstefan_gmail_com_application_default_credentials.json {"metadata":{"emulator":{"name":"functions"},"message":"Setting GAC to C:\\Users\\stefa\\AppData\\Roaming\\firebase\\hinterhoelzlstefan_gmail_com_application_default_credentials.json"}}
[debug] [2021-12-06T12:06:23.805Z] >>> [apiv2][query] GET https://firebase.googleapis.com/v1beta1/projects/mintistcool-be74c/adminSdkConfig [none]
[debug] [2021-12-06T12:06:24.123Z] <<< [apiv2][status] GET https://firebase.googleapis.com/v1beta1/projects/mintistcool-be74c/adminSdkConfig 200
[debug] [2021-12-06T12:06:24.123Z] <<< [apiv2][body] GET https://firebase.googleapis.com/v1beta1/projects/mintistcool-be74c/adminSdkConfig {"projectId":"mintistcool-be74c","databaseURL":"https://mintistcool-be74c-default-rtdb.firebaseio.com","storageBucket":"mintistcool-be74c.appspot.com","locationId":"europe-west"}
[debug] [2021-12-06T12:06:24.137Z] Ignoring unsupported arg: auto_download {"metadata":{"emulator":{"name":"ui"},"message":"Ignoring unsupported arg: auto_download"}}
[debug] [2021-12-06T12:06:24.137Z] Ignoring unsupported arg: port {"metadata":{"emulator":{"name":"ui"},"message":"Ignoring unsupported arg: port"}}
[debug] [2021-12-06T12:06:24.137Z] Starting Emulator UI with command {"binary":"node","args":["C:\\Users\\stefa\\.cache\\firebase\\emulators\\ui-v1.6.4\\server.bundle.js"],"optionalArgs":[],"joinArgs":false} {"metadata":{"emulator":{"name":"ui"},"message":"Starting Emulator UI with command {\"binary\":\"node\",\"args\":[\"C:\\\\Users\\\\stefa\\\\.cache\\\\firebase\\\\emulators\\\\ui-v1.6.4\\\\server.bundle.js\"],\"optionalArgs\":[],\"joinArgs\":false}"}}
[info] i  ui: Emulator UI logging to ui-debug.log {"metadata":{"emulator":{"name":"ui"},"message":"Emulator UI logging to \u001b[1mui-debug.log\u001b[22m"}}
[debug] [2021-12-06T12:06:24.229Z] Web / API server started at localhost:4000
 {"metadata":{"emulator":{"name":"ui"},"message":"Web / API server started at localhost:4000\n"}}
[info] i  functions: Watching "D:\Repos\DiversIT\DiversIT\diversIT\functions" for Cloud Functions... {"metadata":{"emulator":{"name":"functions"},"message":"Watching \"D:\\Repos\\DiversIT\\DiversIT\\diversIT\\functions\" for Cloud Functions..."}}
[debug] [2021-12-06T12:06:24.414Z] [worker-pool] addWorker(~diagnostic~) {"metadata":{"emulator":{"name":"functions"},"message":"[worker-pool] addWorker(~diagnostic~)"}}
[debug] [2021-12-06T12:06:24.414Z] [worker-pool] Adding worker with key ~diagnostic~, total=1 {"metadata":{"emulator":{"name":"functions"},"message":"[worker-pool] Adding worker with key ~diagnostic~, total=1"}}
[debug] [2021-12-06T12:06:24.414Z] [worker-pool] submitWork(triggerId=) {"metadata":{"emulator":{"name":"functions"},"message":"[worker-pool] submitWork(triggerId=)"}}
[debug] [2021-12-06T12:06:24.414Z] [worker-~diagnostic~-f29b7b95-7d9a-432c-802a-2c36ff643544]: Assigning socketPath: \\?\pipe\D:\Repos\DiversIT\DiversIT\diversIT\functions\12560 {"metadata":{"emulator":{"name":"functions"},"message":"[worker-~diagnostic~-f29b7b95-7d9a-432c-802a-2c36ff643544]: Assigning socketPath: \\\\?\\pipe\\D:\\Repos\\DiversIT\\DiversIT\\diversIT\\functions\\12560"}}
[debug] [2021-12-06T12:06:24.415Z] [worker-~diagnostic~-f29b7b95-7d9a-432c-802a-2c36ff643544]: BUSY {"metadata":{"emulator":{"name":"functions"},"message":"[worker-~diagnostic~-f29b7b95-7d9a-432c-802a-2c36ff643544]: BUSY"}}
[debug] [2021-12-06T12:06:24.563Z] [runtime-status] [12560] Functions runtime initialized. {"cwd":"D:\\Repos\\DiversIT\\DiversIT\\diversIT\\functions","node_version":"16.13.0"} {"metadata":{"emulator":{"name":"functions"},"message":"[runtime-status] [12560] Functions runtime initialized. {\"cwd\":\"D:\\\\Repos\\\\DiversIT\\\\DiversIT\\\\diversIT\\\\functions\",\"node_version\":\"16.13.0\"}"}}
[debug] [2021-12-06T12:06:24.564Z] [runtime-status] [12560] Disabled runtime features: undefined {"metadata":{"emulator":{"name":"functions"},"message":"[runtime-status] [12560] Disabled runtime features: undefined"}}
[debug] [2021-12-06T12:06:24.566Z] [runtime-status] [12560] Resolved module firebase-admin {"declared":true,"installed":true,"version":"9.12.0","resolution":"D:\\Repos\\DiversIT\\DiversIT\\diversIT\\functions\\node_modules\\firebase-admin\\lib\\index.js"} {"metadata":{"emulator":{"name":"functions"},"message":"[runtime-status] [12560] Resolved module firebase-admin {\"declared\":true,\"installed\":true,\"version\":\"9.12.0\",\"resolution\":\"D:\\\\Repos\\\\DiversIT\\\\DiversIT\\\\diversIT\\\\functions\\\\node_modules\\\\firebase-admin\\\\lib\\\\index.js\"}"}}
[debug] [2021-12-06T12:06:24.568Z] [runtime-status] [12560] Resolved module firebase-functions {"declared":true,"installed":true,"version":"3.16.0","resolution":"D:\\Repos\\DiversIT\\DiversIT\\diversIT\\functions\\node_modules\\firebase-functions\\lib\\index.js"} {"metadata":{"emulator":{"name":"functions"},"message":"[runtime-status] [12560] Resolved module firebase-functions {\"declared\":true,\"installed\":true,\"version\":\"3.16.0\",\"resolution\":\"D:\\\\Repos\\\\DiversIT\\\\DiversIT\\\\diversIT\\\\functions\\\\node_modules\\\\firebase-functions\\\\lib\\\\index.js\"}"}}
[debug] [2021-12-06T12:06:24.570Z] [runtime-status] [12560] Outgoing network have been stubbed. [{"name":"http","status":"mocked"},{"name":"http","status":"mocked"},{"name":"https","status":"mocked"},{"name":"https","status":"mocked"},{"name":"net","status":"mocked"}] {"metadata":{"emulator":{"name":"functions"},"message":"[runtime-status] [12560] Outgoing network have been stubbed. [{\"name\":\"http\",\"status\":\"mocked\"},{\"name\":\"http\",\"status\":\"mocked\"},{\"name\":\"https\",\"status\":\"mocked\"},{\"name\":\"https\",\"status\":\"mocked\"},{\"name\":\"net\",\"status\":\"mocked\"}]"}}
[debug] [2021-12-06T12:06:24.570Z] [runtime-status] [12560] Resolved module firebase-functions {"declared":true,"installed":true,"version":"3.16.0","resolution":"D:\\Repos\\DiversIT\\DiversIT\\diversIT\\functions\\node_modules\\firebase-functions\\lib\\index.js"} {"metadata":{"emulator":{"name":"functions"},"message":"[runtime-status] [12560] Resolved module firebase-functions {\"declared\":true,\"installed\":true,\"version\":\"3.16.0\",\"resolution\":\"D:\\\\Repos\\\\DiversIT\\\\DiversIT\\\\diversIT\\\\functions\\\\node_modules\\\\firebase-functions\\\\lib\\\\index.js\"}"}}
[debug] [2021-12-06T12:06:24.608Z] [runtime-status] [12560] Checked functions.config() {"config":{}} {"metadata":{"emulator":{"name":"functions"},"message":"[runtime-status] [12560] Checked functions.config() {\"config\":{}}"}}
[debug] [2021-12-06T12:06:24.608Z] [runtime-status] [12560] firebase-functions has been stubbed. {"functionsResolution":{"declared":true,"installed":true,"version":"3.16.0","resolution":"D:\\Repos\\DiversIT\\DiversIT\\diversIT\\functions\\node_modules\\firebase-functions\\lib\\index.js"}} {"metadata":{"emulator":{"name":"functions"},"message":"[runtime-status] [12560] firebase-functions has been stubbed. {\"functionsResolution\":{\"declared\":true,\"installed\":true,\"version\":\"3.16.0\",\"resolution\":\"D:\\\\Repos\\\\DiversIT\\\\DiversIT\\\\diversIT\\\\functions\\\\node_modules\\\\firebase-functions\\\\lib\\\\index.js\"}}"}}
[debug] [2021-12-06T12:06:24.609Z] [runtime-status] [12560] Resolved module firebase-functions {"declared":true,"installed":true,"version":"3.16.0","resolution":"D:\\Repos\\DiversIT\\DiversIT\\diversIT\\functions\\node_modules\\firebase-functions\\lib\\index.js"} {"metadata":{"emulator":{"name":"functions"},"message":"[runtime-status] [12560] Resolved module firebase-functions {\"declared\":true,\"installed\":true,\"version\":\"3.16.0\",\"resolution\":\"D:\\\\Repos\\\\DiversIT\\\\DiversIT\\\\diversIT\\\\functions\\\\node_modules\\\\firebase-functions\\\\lib\\\\index.js\"}"}}
[debug] [2021-12-06T12:06:24.610Z] [runtime-status] [12560] Resolved module firebase-admin {"declared":true,"installed":true,"version":"9.12.0","resolution":"D:\\Repos\\DiversIT\\DiversIT\\diversIT\\functions\\node_modules\\firebase-admin\\lib\\index.js"} {"metadata":{"emulator":{"name":"functions"},"message":"[runtime-status] [12560] Resolved module firebase-admin {\"declared\":true,\"installed\":true,\"version\":\"9.12.0\",\"resolution\":\"D:\\\\Repos\\\\DiversIT\\\\DiversIT\\\\diversIT\\\\functions\\\\node_modules\\\\firebase-admin\\\\lib\\\\index.js\"}"}}
[debug] [2021-12-06T12:06:24.610Z] [runtime-status] [12560] Resolved module firebase-functions {"declared":true,"installed":true,"version":"3.16.0","resolution":"D:\\Repos\\DiversIT\\DiversIT\\diversIT\\functions\\node_modules\\firebase-functions\\lib\\index.js"} {"metadata":{"emulator":{"name":"functions"},"message":"[runtime-status] [12560] Resolved module firebase-functions {\"declared\":true,\"installed\":true,\"version\":\"3.16.0\",\"resolution\":\"D:\\\\Repos\\\\DiversIT\\\\DiversIT\\\\diversIT\\\\functions\\\\node_modules\\\\firebase-functions\\\\lib\\\\index.js\"}"}}
[debug] [2021-12-06T12:06:24.610Z] [runtime-status] [12560] firebase-admin has been stubbed. {"adminResolution":{"declared":true,"installed":true,"version":"9.12.0","resolution":"D:\\Repos\\DiversIT\\DiversIT\\diversIT\\functions\\node_modules\\firebase-admin\\lib\\index.js"}} {"metadata":{"emulator":{"name":"functions"},"message":"[runtime-status] [12560] firebase-admin has been stubbed. {\"adminResolution\":{\"declared\":true,\"installed\":true,\"version\":\"9.12.0\",\"resolution\":\"D:\\\\Repos\\\\DiversIT\\\\DiversIT\\\\diversIT\\\\functions\\\\node_modules\\\\firebase-admin\\\\lib\\\\index.js\"}}"}}
[debug] [2021-12-06T12:06:24.612Z] [runtime-status] [12560] initializeApp(DEFAULT) {"storageBucket":"mintistcool-be74c.appspot.com","databaseURL":"https://mintistcool-be74c-default-rtdb.firebaseio.com","projectId":"mintistcool-be74c"} {"metadata":{"emulator":{"name":"functions"},"message":"[runtime-status] [12560] initializeApp(DEFAULT) {\"storageBucket\":\"mintistcool-be74c.appspot.com\",\"databaseURL\":\"https://mintistcool-be74c-default-rtdb.firebaseio.com\",\"projectId\":\"mintistcool-be74c\"}"}}
[info] +  functions[us-central1-createRelationship]: http function initialized (http://localhost:5001/mintistcool-be74c/us-central1/createRelationship). {"metadata":{"emulator":{"name":"functions"},"message":"\u001b[1mhttp\u001b[22m function initialized (http://localhost:5001/mintistcool-be74c/us-central1/createRelationship)."}}
[info] 
┌─────────────────────────────────────────────────────────────┐
│ ✔  All emulators ready! It is now safe to connect your app. │
│ i  View Emulator UI at http://localhost:4000                │
└─────────────────────────────────────────────────────────────┘

┌───────────┬────────────────┬─────────────────────────────────┐
│ Emulator  │ Host:Port      │ View in Emulator UI             │
├───────────┼────────────────┼─────────────────────────────────┤
│ Functions │ localhost:5001 │ http://localhost:4000/functions │
└───────────┴────────────────┴─────────────────────────────────┘
  Emulator Hub running at localhost:4400
  Other reserved ports: 4500

Issues? Report them at https://github.com/firebase/firebase-tools/issues and attach the *-debug.log files.
 
[debug] [2021-12-06T12:06:24.618Z] [worker-~diagnostic~-f29b7b95-7d9a-432c-802a-2c36ff643544]: IDLE {"metadata":{"emulator":{"name":"functions"},"message":"[worker-~diagnostic~-f29b7b95-7d9a-432c-802a-2c36ff643544]: IDLE"}}
